Running: F:\Windows\ISE\14.2\ISE_DS\ISE\bin\nt64\unwrapped\fuse.exe -intstyle ise -incremental -o F:/Documentos/Arquitectura/Processor/tb_ALU_isim_beh.exe -prj F:/Documentos/Arquitectura/Processor/tb_ALU_beh.prj work.tb_ALU 
ISim P.28xd (signature 0xa0883be4)
Number of CPUs detected in this system: 4
Turning on mult-threading, number of parallel sub-compilation jobs: 8 
Determining compilation order of HDL files
Parsing VHDL file "F:/Documentos/Arquitectura/Processor/ALU_module.vhd" into library work
Parsing VHDL file "F:/Documentos/Arquitectura/Processor/tb_ALU.vhd" into library work
Starting static elaboration
Completed static elaboration
Compiling package standard
Compiling package std_logic_1164
Compiling package numeric_std
Compiling package numeric_bit
Compiling package std_logic_arith
Compiling package std_logic_unsigned
Compiling architecture behavioral of entity ALU_module [alu_module_default]
Compiling architecture behavior of entity tb_alu
Time Resolution for simulation is 1ps.
Waiting for 1 sub-compilation(s) to finish...
Compiled 9 VHDL Units
Built simulation executable F:/Documentos/Arquitectura/Processor/tb_ALU_isim_beh.exe
Fuse Memory Usage: 36612 KB
Fuse CPU Usage: 1013 ms
