Command line:
   tb_Processor_isim_beh.exe
     -simmode  gui
     -simrunnum  0
     -socket  51421

Mon Dec 10 11:51:53 2012


 Elaboration Time: 0.0468 sec

 Current Memory Usage: 506.274 Meg

 Total Signals          : 146
 Total Nets             : 3658
 Total Signal Drivers   : 47
 Total Blocks           : 27
 Total Primitive Blocks : 25
 Total Processes        : 27
 Total Traceable Variables  : 20
 Total Scalar Nets and Variables : 4202
Total Line Count : 254

 Total Simulation Time: 0.078 sec

 Current Memory Usage: 506.274 Meg

Mon Dec 10 11:56:31 2012

