Command line:
   tb_ALU_isim_beh.exe
     -simmode  gui
     -simrunnum  0
     -socket  49643

Thu Nov 22 08:00:47 2012


 Elaboration Time: 0.0312 sec

 Current Memory Usage: 502.059 Meg

 Total Signals          : 11
 Total Nets             : 137
 Total Signal Drivers   : 6
 Total Blocks           : 7
 Total Primitive Blocks : 6
 Total Processes        : 3
 Total Traceable Variables  : 19
 Total Scalar Nets and Variables : 680
Total Line Count : 44

 Total Simulation Time: 0.0312 sec

 Current Memory Usage: 502.059 Meg

Thu Nov 22 08:04:02 2012

